<?xml version="1.0" encoding="UTF-8"?>
<beans>
    <bean id="testXmlBean" class="org.example.xml.TestXmlBean"></bean>
</beans>